Arguments: 
  /home/gustavohd/.nvm/versions/node/v12.9.1/bin/node /usr/share/yarn/bin/yarn.js

PATH: 
  /home/gustavohd/Android/Sdk:/home/gustavohd/.local/bin:/home/gustavohd/Android/Sdk:/home/gustavohd/.nvm/versions/node/v12.9.1/bin:/home/gustavohd/.local/bin:/usr/local/sbin:/usr/local/bin:/usr/sbin:/usr/bin:/sbin:/bin:/usr/games:/usr/local/games:/snap/bin:/usr/lib/jvm/java-8-oracle/bin:/usr/lib/jvm/java-8-oracle/db/bin:/usr/lib/jvm/java-8-oracle/jre/bin:/home/gustavohd/.yarn/bin:/home/gustavohd/.config/yarn/global/node_modules/.bin:/home/gustavohd/Android/Sdk/emulator:/home/gustavohd/Android/Sdk/tools:/home/gustavohd/Android/Sdk/tools/bin:/home/gustavohd/Android/Sdk/platform-tools:/home/gustavohd/.yarn/bin:/home/gustavohd/.config/yarn/global/node_modules/.bin:/home/gustavohd/Android/Sdk/emulator:/home/gustavohd/Android/Sdk/tools:/home/gustavohd/Android/Sdk/tools/bin:/home/gustavohd/Android/Sdk/platform-tools

Yarn version: 
  1.21.1

Node version: 
  12.9.1

Platform: 
  linux x64

Trace: 
  Error: https://github.com/expo/react-native/archive/sdk-38.0.0.tar.gz: Request failed "500 Internal Server Error"
      at ResponseError.ExtendableBuiltin (/usr/share/yarn/lib/cli.js:696:66)
      at new ResponseError (/usr/share/yarn/lib/cli.js:802:124)
      at Request.<anonymous> (/usr/share/yarn/lib/cli.js:67017:16)
      at Request.emit (events.js:209:13)
      at Request.module.exports.Request.onRequestResponse (/usr/share/yarn/lib/cli.js:141542:10)
      at ClientRequest.emit (events.js:214:15)
      at HTTPParser.parserOnIncomingClient [as onIncoming] (_http_client.js:583:27)
      at HTTPParser.parserOnHeadersComplete (_http_common.js:115:17)
      at TLSSocket.socketOnData (_http_client.js:456:22)
      at TLSSocket.emit (events.js:209:13)

npm manifest: 
  {
    "main": "node_modules/expo/AppEntry.js",
    "scripts": {
      "start": "expo start",
      "android": "expo start --android",
      "ios": "expo start --ios",
      "web": "expo start --web",
      "eject": "expo eject"
    },
    "dependencies": {
      "expo": "~38.0.1",
      "expo-status-bar": "^1.0.0",
      "react": "~16.11.0",
      "react-dom": "~16.11.0",
      "react-native": "https://github.com/expo/react-native/archive/sdk-38.0.0.tar.gz",
      "react-native-web": "~0.11.7"
    },
    "devDependencies": {
      "@babel/core": "^7.8.6",
      "@types/react": "~16.9.41",
      "@types/react-native": "~0.62.13",
      "typescript": "~3.9.5"
    },
    "private": true
  }

yarn manifest: 
  No manifest

Lockfile: 
  No lockfile
